 
****************************************
Report : cell
Design : cam_cell
Version: F-2011.09-SP2
Date   : Fri Dec 19 13:14:02 2014
****************************************

Attributes:
    b - black box (unknown)
    h - hierarchical
    n - noncombinational
    p - parameterized
    r - removable
    u - contains unmapped logic

Cell                      Reference       Library             Area  Attributes
--------------------------------------------------------------------------------
U2                        AND2X1          saed90nm_typ    7.372800  
U3                        NOR4X0          saed90nm_typ    9.216000  
U4                        NAND4X0         saed90nm_typ    8.294400  
U5                        XNOR2X1         saed90nm_typ    13.824000 
U6                        XNOR2X1         saed90nm_typ    13.824000 
U7                        XNOR2X1         saed90nm_typ    13.824000 
U8                        XNOR2X1         saed90nm_typ    13.824000 
U9                        NAND4X0         saed90nm_typ    8.294400  
U10                       XNOR2X1         saed90nm_typ    13.824000 
U11                       XNOR2X1         saed90nm_typ    13.824000 
U12                       XNOR2X1         saed90nm_typ    13.824000 
U13                       XNOR2X1         saed90nm_typ    13.824000 
U14                       NAND4X0         saed90nm_typ    8.294400  
U15                       NOR4X0          saed90nm_typ    9.216000  
U16                       XOR2X1          saed90nm_typ    13.824000 
U17                       XOR2X1          saed90nm_typ    13.824000 
U18                       XOR2X1          saed90nm_typ    13.824000 
U19                       XOR2X1          saed90nm_typ    13.824000 
U20                       AND3X1          saed90nm_typ    8.294400  
U21                       XNOR2X1         saed90nm_typ    13.824000 
U22                       XNOR2X1         saed90nm_typ    13.824000 
U23                       XNOR2X1         saed90nm_typ    13.824000 
U24                       XNOR2X1         saed90nm_typ    13.824000 
U25                       OR4X1           saed90nm_typ    10.137600 
U26                       NAND4X0         saed90nm_typ    8.294400  
U27                       XNOR2X1         saed90nm_typ    13.824000 
U28                       XNOR2X1         saed90nm_typ    13.824000 
U29                       XNOR2X1         saed90nm_typ    13.824000 
U30                       XNOR2X1         saed90nm_typ    13.824000 
U31                       NAND4X0         saed90nm_typ    8.294400  
U32                       XNOR2X1         saed90nm_typ    13.824000 
U33                       XNOR2X1         saed90nm_typ    13.824000 
U34                       XNOR2X1         saed90nm_typ    13.824000 
U35                       XNOR2X1         saed90nm_typ    13.824000 
U36                       NAND4X0         saed90nm_typ    8.294400  
U37                       XNOR2X1         saed90nm_typ    13.824000 
U38                       XNOR2X1         saed90nm_typ    13.824000 
U39                       XNOR2X1         saed90nm_typ    13.824000 
U40                       XNOR2X1         saed90nm_typ    13.824000 
U41                       NAND4X0         saed90nm_typ    8.294400  
U42                       XNOR2X1         saed90nm_typ    13.824000 
U43                       XNOR2X1         saed90nm_typ    13.824000 
U44                       XNOR2X1         saed90nm_typ    13.824000 
U45                       XNOR2X1         saed90nm_typ    13.824000 
U46                       AND2X1          saed90nm_typ    7.372800  
U47                       AND2X1          saed90nm_typ    7.372800  
U48                       AND2X1          saed90nm_typ    7.372800  
U49                       AND2X1          saed90nm_typ    7.372800  
U50                       AND2X1          saed90nm_typ    7.372800  
U51                       AND2X1          saed90nm_typ    7.372800  
U52                       AND2X1          saed90nm_typ    7.372800  
U53                       AND2X1          saed90nm_typ    7.372800  
U54                       AND2X1          saed90nm_typ    7.372800  
U55                       AND2X1          saed90nm_typ    7.372800  
U56                       AND2X1          saed90nm_typ    7.372800  
U57                       AND2X1          saed90nm_typ    7.372800  
U58                       AND2X1          saed90nm_typ    7.372800  
U59                       AND2X1          saed90nm_typ    7.372800  
U60                       AND2X1          saed90nm_typ    7.372800  
U61                       AND2X1          saed90nm_typ    7.372800  
U62                       AND2X1          saed90nm_typ    7.372800  
U63                       AND2X1          saed90nm_typ    7.372800  
U64                       AND2X1          saed90nm_typ    7.372800  
U65                       AND2X1          saed90nm_typ    7.372800  
U66                       AND2X1          saed90nm_typ    7.372800  
U67                       AND2X1          saed90nm_typ    7.372800  
U68                       AND2X1          saed90nm_typ    7.372800  
U69                       AND2X1          saed90nm_typ    7.372800  
U70                       AND2X1          saed90nm_typ    7.372800  
U71                       AND2X1          saed90nm_typ    7.372800  
U72                       AND2X1          saed90nm_typ    7.372800  
U73                       AND2X1          saed90nm_typ    7.372800  
U74                       AND2X1          saed90nm_typ    7.372800  
U75                       AND2X1          saed90nm_typ    7.372800  
U76                       AND2X1          saed90nm_typ    7.372800  
U77                       AND2X1          saed90nm_typ    7.372800  
ff                        eff_DATA_WIDTH32                1244.159980
                                                                    h, n, p
--------------------------------------------------------------------------------
Total 77 cells                                            2024.755188
1
