 
****************************************
Report : compile_options
Design : cam_cell
Version: F-2011.09-SP2
Date   : Fri Dec 19 13:14:02 2014
****************************************

Design                                   Compile Option         Value
--------------------------------------------------------------------------------
cam_cell                                 flatten                false
                                         structure              true
                                         structure_boolean      false
                                         structure_timing       true
                                         fix_multiple_port_nets feedthroughs
                                                                constants
                                                                outputs
                                                                buffer_constants
                                         isolate_port           disabled

eff_DATA_WIDTH32                         flatten                false
                                         structure              true
                                         structure_boolean      false
                                         structure_timing       true
--------------------------------------------------------------------------------
1
